2026-01-07 00:11:02,324 - Using device: cuda, Dataset: cifar10
2026-01-07 00:11:04,045 - STARTING EXPERIMENT: With EF (EF=True, Bits=2, Dataset=cifar10)
2026-01-07 00:11:42,464 - [With EF] Round 1: Acc=11.22%, Loss=2.2924
2026-01-07 00:11:54,620 - [With EF] Round 2: Acc=13.19%, Loss=2.2693
2026-01-07 00:12:06,687 - [With EF] Round 3: Acc=18.30%, Loss=2.2087
2026-01-07 00:12:18,762 - [With EF] Round 4: Acc=22.48%, Loss=2.0985
2026-01-07 00:12:30,771 - [With EF] Round 5: Acc=25.58%, Loss=2.0500
2026-01-07 00:12:42,766 - [With EF] Round 6: Acc=27.80%, Loss=1.9927
2026-01-07 00:12:54,806 - [With EF] Round 7: Acc=32.02%, Loss=1.8896
2026-01-07 00:13:06,802 - [With EF] Round 8: Acc=31.29%, Loss=1.9158
2026-01-07 00:13:18,974 - [With EF] Round 9: Acc=32.12%, Loss=1.8821
2026-01-07 00:13:31,140 - [With EF] Round 10: Acc=32.66%, Loss=1.8547
2026-01-07 00:13:43,049 - [With EF] Round 11: Acc=30.82%, Loss=1.9360
2026-01-07 00:13:55,166 - [With EF] Round 12: Acc=35.19%, Loss=1.7955
2026-01-07 00:14:07,150 - [With EF] Round 13: Acc=31.03%, Loss=1.9461
2026-01-07 00:14:19,090 - [With EF] Round 14: Acc=34.30%, Loss=1.7620
2026-01-07 00:14:30,908 - [With EF] Round 15: Acc=39.53%, Loss=1.6827
2026-01-07 00:14:42,747 - [With EF] Round 16: Acc=35.66%, Loss=1.7404
2026-01-07 00:14:54,729 - [With EF] Round 17: Acc=40.53%, Loss=1.6187
2026-01-07 00:15:06,677 - [With EF] Round 18: Acc=38.16%, Loss=1.6684
2026-01-07 00:15:18,514 - [With EF] Round 19: Acc=41.49%, Loss=1.5778
2026-01-07 00:15:30,693 - [With EF] Round 20: Acc=42.42%, Loss=1.5990
2026-01-07 00:15:42,599 - [With EF] Round 21: Acc=40.38%, Loss=1.6205
2026-01-07 00:15:54,699 - [With EF] Round 22: Acc=43.59%, Loss=1.5230
2026-01-07 00:16:06,704 - [With EF] Round 23: Acc=44.21%, Loss=1.5448
2026-01-07 00:16:18,671 - [With EF] Round 24: Acc=44.94%, Loss=1.5075
2026-01-07 00:16:30,513 - [With EF] Round 25: Acc=46.40%, Loss=1.4834
2026-01-07 00:16:42,439 - [With EF] Round 26: Acc=45.33%, Loss=1.4955
2026-01-07 00:16:54,262 - [With EF] Round 27: Acc=46.23%, Loss=1.5053
2026-01-07 00:17:06,268 - [With EF] Round 28: Acc=41.99%, Loss=1.6043
2026-01-07 00:17:18,065 - [With EF] Round 29: Acc=44.34%, Loss=1.5291
2026-01-07 00:17:30,206 - [With EF] Round 30: Acc=43.92%, Loss=1.5573
2026-01-07 00:17:42,999 - [With EF] Round 31: Acc=38.45%, Loss=1.6902
2026-01-07 00:17:55,216 - [With EF] Round 32: Acc=48.23%, Loss=1.4183
2026-01-07 00:18:07,123 - [With EF] Round 33: Acc=46.84%, Loss=1.4407
2026-01-07 00:18:19,111 - [With EF] Round 34: Acc=41.61%, Loss=1.6173
2026-01-07 00:18:31,047 - [With EF] Round 35: Acc=48.34%, Loss=1.4304
2026-01-07 00:18:42,871 - [With EF] Round 36: Acc=49.75%, Loss=1.3985
2026-01-07 00:18:55,100 - [With EF] Round 37: Acc=49.81%, Loss=1.3946
2026-01-07 00:19:07,508 - [With EF] Round 38: Acc=42.28%, Loss=1.5497
2026-01-07 00:19:19,427 - [With EF] Round 39: Acc=47.63%, Loss=1.4249
2026-01-07 00:19:31,652 - [With EF] Round 40: Acc=51.27%, Loss=1.3611
2026-01-07 00:19:43,530 - [With EF] Round 41: Acc=51.27%, Loss=1.3666
2026-01-07 00:19:55,483 - [With EF] Round 42: Acc=52.42%, Loss=1.3327
2026-01-07 00:20:07,394 - [With EF] Round 43: Acc=50.25%, Loss=1.3847
2026-01-07 00:20:19,161 - [With EF] Round 44: Acc=49.46%, Loss=1.3780
2026-01-07 00:20:31,002 - [With EF] Round 45: Acc=49.54%, Loss=1.4348
2026-01-07 00:20:42,812 - [With EF] Round 46: Acc=46.62%, Loss=1.4701
2026-01-07 00:20:54,767 - [With EF] Round 47: Acc=51.91%, Loss=1.3291
2026-01-07 00:21:06,584 - [With EF] Round 48: Acc=49.29%, Loss=1.4362
2026-01-07 00:21:18,410 - [With EF] Round 49: Acc=51.78%, Loss=1.3367
2026-01-07 00:21:30,543 - [With EF] Round 50: Acc=54.78%, Loss=1.2838
2026-01-07 00:21:42,374 - [With EF] Round 51: Acc=48.00%, Loss=1.4628
2026-01-07 00:21:54,234 - [With EF] Round 52: Acc=50.95%, Loss=1.3838
2026-01-07 00:22:06,181 - [With EF] Round 53: Acc=54.46%, Loss=1.2928
2026-01-07 00:22:18,009 - [With EF] Round 54: Acc=53.10%, Loss=1.3094
2026-01-07 00:22:29,940 - [With EF] Round 55: Acc=47.35%, Loss=1.4419
2026-01-07 00:22:41,765 - [With EF] Round 56: Acc=54.91%, Loss=1.2648
2026-01-07 00:22:53,603 - [With EF] Round 57: Acc=52.37%, Loss=1.3227
2026-01-07 00:23:05,566 - [With EF] Round 58: Acc=51.01%, Loss=1.3805
2026-01-07 00:23:17,426 - [With EF] Round 59: Acc=53.55%, Loss=1.3208
2026-01-07 00:23:29,549 - [With EF] Round 60: Acc=55.54%, Loss=1.2465
2026-01-07 00:23:41,459 - [With EF] Round 61: Acc=54.31%, Loss=1.2810
2026-01-07 00:23:53,565 - [With EF] Round 62: Acc=54.03%, Loss=1.2831
2026-01-07 00:24:05,519 - [With EF] Round 63: Acc=56.17%, Loss=1.2201
2026-01-07 00:24:17,334 - [With EF] Round 64: Acc=56.72%, Loss=1.2253
2026-01-07 00:24:29,129 - [With EF] Round 65: Acc=55.04%, Loss=1.2983
2026-01-07 00:24:40,902 - [With EF] Round 66: Acc=55.88%, Loss=1.2191
2026-01-07 00:24:52,704 - [With EF] Round 67: Acc=56.10%, Loss=1.2342
2026-01-07 00:25:04,423 - [With EF] Round 68: Acc=56.39%, Loss=1.2272
2026-01-07 00:25:16,352 - [With EF] Round 69: Acc=56.92%, Loss=1.2028
2026-01-07 00:25:28,458 - [With EF] Round 70: Acc=57.62%, Loss=1.2021
2026-01-07 00:25:40,308 - [With EF] Round 71: Acc=56.04%, Loss=1.2302
2026-01-07 00:25:52,184 - [With EF] Round 72: Acc=56.24%, Loss=1.2199
2026-01-07 00:26:04,086 - [With EF] Round 73: Acc=53.61%, Loss=1.2864
2026-01-07 00:26:15,916 - [With EF] Round 74: Acc=58.53%, Loss=1.1611
2026-01-07 00:26:27,741 - [With EF] Round 75: Acc=59.61%, Loss=1.1364
2026-01-07 00:26:39,675 - [With EF] Round 76: Acc=58.57%, Loss=1.1488
2026-01-07 00:26:51,539 - [With EF] Round 77: Acc=59.72%, Loss=1.1254
2026-01-07 00:27:03,430 - [With EF] Round 78: Acc=60.03%, Loss=1.1287
2026-01-07 00:27:15,182 - [With EF] Round 79: Acc=57.11%, Loss=1.1987
2026-01-07 00:27:27,350 - [With EF] Round 80: Acc=60.92%, Loss=1.1128
2026-01-07 00:27:39,260 - [With EF] Round 81: Acc=59.96%, Loss=1.1313
2026-01-07 00:27:51,098 - [With EF] Round 82: Acc=59.48%, Loss=1.1394
2026-01-07 00:28:03,079 - [With EF] Round 83: Acc=60.90%, Loss=1.0955
2026-01-07 00:28:15,077 - [With EF] Round 84: Acc=61.17%, Loss=1.0946
2026-01-07 00:28:27,047 - [With EF] Round 85: Acc=54.62%, Loss=1.2906
2026-01-07 00:28:39,047 - [With EF] Round 86: Acc=60.74%, Loss=1.0879
2026-01-07 00:28:50,836 - [With EF] Round 87: Acc=60.06%, Loss=1.1064
2026-01-07 00:29:02,618 - [With EF] Round 88: Acc=59.34%, Loss=1.1362
2026-01-07 00:29:14,422 - [With EF] Round 89: Acc=56.92%, Loss=1.2109
2026-01-07 00:29:26,616 - [With EF] Round 90: Acc=60.38%, Loss=1.1048
2026-01-07 00:29:38,599 - [With EF] Round 91: Acc=57.88%, Loss=1.1801
2026-01-07 00:29:50,426 - [With EF] Round 92: Acc=59.09%, Loss=1.1318
2026-01-07 00:30:02,267 - [With EF] Round 93: Acc=62.85%, Loss=1.0405
2026-01-07 00:30:14,215 - [With EF] Round 94: Acc=62.25%, Loss=1.0649
2026-01-07 00:30:25,977 - [With EF] Round 95: Acc=60.73%, Loss=1.1168
2026-01-07 00:30:37,834 - [With EF] Round 96: Acc=61.68%, Loss=1.0761
2026-01-07 00:30:49,773 - [With EF] Round 97: Acc=62.27%, Loss=1.0729
2026-01-07 00:31:01,582 - [With EF] Round 98: Acc=60.46%, Loss=1.1221
2026-01-07 00:31:13,385 - [With EF] Round 99: Acc=63.82%, Loss=1.0267
2026-01-07 00:31:25,426 - [With EF] Round 100: Acc=59.68%, Loss=1.1284
2026-01-07 00:31:37,441 - [With EF] Round 101: Acc=63.95%, Loss=1.0367
2026-01-07 00:31:49,392 - [With EF] Round 102: Acc=61.22%, Loss=1.0675
2026-01-07 00:32:01,396 - [With EF] Round 103: Acc=63.94%, Loss=1.0267
2026-01-07 00:32:13,389 - [With EF] Round 104: Acc=64.05%, Loss=1.0209
2026-01-07 00:32:25,263 - [With EF] Round 105: Acc=60.66%, Loss=1.1245
2026-01-07 00:32:37,229 - [With EF] Round 106: Acc=60.85%, Loss=1.1051
2026-01-07 00:32:49,176 - [With EF] Round 107: Acc=63.31%, Loss=1.0397
2026-01-07 00:33:01,130 - [With EF] Round 108: Acc=62.59%, Loss=1.0553
2026-01-07 00:33:12,940 - [With EF] Round 109: Acc=61.54%, Loss=1.0808
2026-01-07 00:33:24,962 - [With EF] Round 110: Acc=61.10%, Loss=1.1052
2026-01-07 00:33:36,972 - [With EF] Round 111: Acc=63.46%, Loss=1.0385
2026-01-07 00:33:48,937 - [With EF] Round 112: Acc=64.77%, Loss=0.9967
2026-01-07 00:34:00,787 - [With EF] Round 113: Acc=62.42%, Loss=1.0645
2026-01-07 00:34:12,743 - [With EF] Round 114: Acc=65.11%, Loss=1.0034
2026-01-07 00:34:24,585 - [With EF] Round 115: Acc=64.21%, Loss=1.0092
2026-01-07 00:34:36,514 - [With EF] Round 116: Acc=66.40%, Loss=0.9523
2026-01-07 00:34:48,324 - [With EF] Round 117: Acc=61.67%, Loss=1.0883
2026-01-07 00:35:00,150 - [With EF] Round 118: Acc=64.94%, Loss=0.9838
2026-01-07 00:35:12,028 - [With EF] Round 119: Acc=59.57%, Loss=1.1123
2026-01-07 00:35:24,105 - [With EF] Round 120: Acc=66.36%, Loss=0.9567
2026-01-07 00:35:36,075 - [With EF] Round 121: Acc=64.00%, Loss=1.0247
2026-01-07 00:35:47,930 - [With EF] Round 122: Acc=66.37%, Loss=0.9519
2026-01-07 00:35:59,807 - [With EF] Round 123: Acc=64.66%, Loss=1.0146
2026-01-07 00:36:11,758 - [With EF] Round 124: Acc=66.24%, Loss=0.9639
2026-01-07 00:36:23,666 - [With EF] Round 125: Acc=64.38%, Loss=1.0295
2026-01-07 00:36:35,466 - [With EF] Round 126: Acc=59.34%, Loss=1.1542
2026-01-07 00:36:47,195 - [With EF] Round 127: Acc=66.75%, Loss=0.9601
2026-01-07 00:36:59,144 - [With EF] Round 128: Acc=66.64%, Loss=0.9496
2026-01-07 00:37:11,062 - [With EF] Round 129: Acc=65.84%, Loss=0.9757
2026-01-07 00:37:22,940 - [With EF] Round 130: Acc=59.92%, Loss=1.1945
2026-01-07 00:37:34,906 - [With EF] Round 131: Acc=61.48%, Loss=1.0949
2026-01-07 00:37:46,879 - [With EF] Round 132: Acc=67.19%, Loss=0.9328
2026-01-07 00:37:58,733 - [With EF] Round 133: Acc=65.22%, Loss=0.9932
2026-01-07 00:38:10,647 - [With EF] Round 134: Acc=64.20%, Loss=1.0123
2026-01-07 00:38:22,442 - [With EF] Round 135: Acc=68.77%, Loss=0.8925
2026-01-07 00:38:34,228 - [With EF] Round 136: Acc=67.83%, Loss=0.9313
2026-01-07 00:38:46,060 - [With EF] Round 137: Acc=64.78%, Loss=0.9904
2026-01-07 00:38:57,919 - [With EF] Round 138: Acc=67.77%, Loss=0.9188
2026-01-07 00:39:09,818 - [With EF] Round 139: Acc=66.41%, Loss=0.9554
2026-01-07 00:39:21,710 - [With EF] Round 140: Acc=65.86%, Loss=0.9879
2026-01-07 00:39:33,810 - [With EF] Round 141: Acc=65.46%, Loss=0.9812
2026-01-07 00:39:45,669 - [With EF] Round 142: Acc=69.08%, Loss=0.8869
2026-01-07 00:39:57,616 - [With EF] Round 143: Acc=66.76%, Loss=0.9665
2026-01-07 00:40:09,422 - [With EF] Round 144: Acc=69.04%, Loss=0.8857
2026-01-07 00:40:21,244 - [With EF] Round 145: Acc=63.43%, Loss=1.0434
2026-01-07 00:40:33,262 - [With EF] Round 146: Acc=64.90%, Loss=1.0161
2026-01-07 00:40:45,201 - [With EF] Round 147: Acc=68.11%, Loss=0.9262
2026-01-07 00:40:57,014 - [With EF] Round 148: Acc=65.85%, Loss=0.9970
2026-01-07 00:41:08,899 - [With EF] Round 149: Acc=67.86%, Loss=0.9175
2026-01-07 00:41:20,854 - [With EF] Round 150: Acc=70.56%, Loss=0.8558
2026-01-07 00:41:32,981 - [With EF] Round 151: Acc=68.69%, Loss=0.9093
2026-01-07 00:41:44,758 - [With EF] Round 152: Acc=67.50%, Loss=0.9306
2026-01-07 00:41:56,584 - [With EF] Round 153: Acc=63.24%, Loss=1.0688
2026-01-07 00:42:08,443 - [With EF] Round 154: Acc=70.49%, Loss=0.8633
2026-01-07 00:42:20,275 - [With EF] Round 155: Acc=70.05%, Loss=0.8560
2026-01-07 00:42:32,248 - [With EF] Round 156: Acc=69.39%, Loss=0.8945
2026-01-07 00:42:44,177 - [With EF] Round 157: Acc=62.57%, Loss=1.1115
2026-01-07 00:42:56,043 - [With EF] Round 158: Acc=68.36%, Loss=0.9010
2026-01-07 00:43:07,938 - [With EF] Round 159: Acc=69.83%, Loss=0.8624
2026-01-07 00:43:19,794 - [With EF] Round 160: Acc=69.49%, Loss=0.8818
2026-01-07 00:43:31,962 - [With EF] Round 161: Acc=69.60%, Loss=0.8741
2026-01-07 00:43:43,969 - [With EF] Round 162: Acc=67.37%, Loss=0.9205
2026-01-07 00:43:55,960 - [With EF] Round 163: Acc=68.87%, Loss=0.8795
2026-01-07 00:44:07,829 - [With EF] Round 164: Acc=69.04%, Loss=0.8663
2026-01-07 00:44:19,721 - [With EF] Round 165: Acc=66.27%, Loss=0.9881
2026-01-07 00:44:31,536 - [With EF] Round 166: Acc=66.17%, Loss=0.9795
2026-01-07 00:44:43,356 - [With EF] Round 167: Acc=70.00%, Loss=0.8527
2026-01-07 00:44:55,331 - [With EF] Round 168: Acc=70.48%, Loss=0.8397
2026-01-07 00:45:07,194 - [With EF] Round 169: Acc=70.75%, Loss=0.8316
2026-01-07 00:45:19,137 - [With EF] Round 170: Acc=69.04%, Loss=0.9010
2026-01-07 00:45:31,327 - [With EF] Round 171: Acc=66.28%, Loss=0.9586
2026-01-07 00:45:43,201 - [With EF] Round 172: Acc=69.74%, Loss=0.8727
2026-01-07 00:45:55,148 - [With EF] Round 173: Acc=70.94%, Loss=0.8359
2026-01-07 00:46:07,118 - [With EF] Round 174: Acc=70.40%, Loss=0.8563
2026-01-07 00:46:18,984 - [With EF] Round 175: Acc=66.47%, Loss=0.9451
2026-01-07 00:46:30,915 - [With EF] Round 176: Acc=70.25%, Loss=0.8472
2026-01-07 00:46:42,907 - [With EF] Round 177: Acc=70.72%, Loss=0.8524
2026-01-07 00:46:54,801 - [With EF] Round 178: Acc=70.28%, Loss=0.8636
2026-01-07 00:47:06,804 - [With EF] Round 179: Acc=71.68%, Loss=0.8217
2026-01-07 00:47:18,793 - [With EF] Round 180: Acc=72.32%, Loss=0.8015
2026-01-07 00:47:30,943 - [With EF] Round 181: Acc=69.89%, Loss=0.8707
2026-01-07 00:47:42,913 - [With EF] Round 182: Acc=70.25%, Loss=0.8503
2026-01-07 00:47:54,856 - [With EF] Round 183: Acc=72.58%, Loss=0.7968
2026-01-07 00:48:06,910 - [With EF] Round 184: Acc=70.07%, Loss=0.8455
2026-01-07 00:48:19,101 - [With EF] Round 185: Acc=66.76%, Loss=0.9499
2026-01-07 00:48:31,070 - [With EF] Round 186: Acc=71.10%, Loss=0.8325
2026-01-07 00:48:42,940 - [With EF] Round 187: Acc=67.46%, Loss=0.9590
2026-01-07 00:48:54,940 - [With EF] Round 188: Acc=68.46%, Loss=0.8980
2026-01-07 00:49:06,851 - [With EF] Round 189: Acc=70.34%, Loss=0.8453
2026-01-07 00:49:18,680 - [With EF] Round 190: Acc=67.86%, Loss=0.9559
2026-01-07 00:49:30,795 - [With EF] Round 191: Acc=72.11%, Loss=0.8005
2026-01-07 00:49:42,607 - [With EF] Round 192: Acc=68.90%, Loss=0.9035
2026-01-07 00:49:54,469 - [With EF] Round 193: Acc=69.00%, Loss=0.8808
2026-01-07 00:50:06,439 - [With EF] Round 194: Acc=69.66%, Loss=0.8789
2026-01-07 00:50:18,320 - [With EF] Round 195: Acc=70.43%, Loss=0.8728
2026-01-07 00:50:30,427 - [With EF] Round 196: Acc=73.51%, Loss=0.7779
2026-01-07 00:50:42,231 - [With EF] Round 197: Acc=70.46%, Loss=0.8581
2026-01-07 00:50:54,252 - [With EF] Round 198: Acc=72.26%, Loss=0.8084
2026-01-07 00:51:06,090 - [With EF] Round 199: Acc=70.92%, Loss=0.8257
2026-01-07 00:51:17,983 - [With EF] Round 200: Acc=72.74%, Loss=0.7944
2026-01-07 00:51:17,984 - STARTING EXPERIMENT: No EF (EF=False, Bits=2, Dataset=cifar10)
2026-01-07 00:51:30,054 - [No EF] Round 1: Acc=11.22%, Loss=2.2924
2026-01-07 00:51:41,988 - [No EF] Round 2: Acc=13.37%, Loss=2.2679
2026-01-07 00:51:53,883 - [No EF] Round 3: Acc=17.61%, Loss=2.2100
2026-01-07 00:52:05,780 - [No EF] Round 4: Acc=21.90%, Loss=2.1099
2026-01-07 00:52:17,707 - [No EF] Round 5: Acc=24.52%, Loss=2.0741
2026-01-07 00:52:29,641 - [No EF] Round 6: Acc=28.36%, Loss=2.0010
2026-01-07 00:52:41,558 - [No EF] Round 7: Acc=31.07%, Loss=1.9013
2026-01-07 00:52:53,352 - [No EF] Round 8: Acc=29.77%, Loss=1.9320
2026-01-07 00:53:05,177 - [No EF] Round 9: Acc=30.79%, Loss=1.9151
2026-01-07 00:53:17,007 - [No EF] Round 10: Acc=31.64%, Loss=1.8671
2026-01-07 00:53:29,138 - [No EF] Round 11: Acc=28.01%, Loss=1.9857
2026-01-07 00:53:40,961 - [No EF] Round 12: Acc=35.21%, Loss=1.7856
2026-01-07 00:53:52,789 - [No EF] Round 13: Acc=27.89%, Loss=2.1315
2026-01-07 00:54:04,782 - [No EF] Round 14: Acc=35.73%, Loss=1.7246
2026-01-07 00:54:16,658 - [No EF] Round 15: Acc=38.42%, Loss=1.6920
2026-01-07 00:54:28,550 - [No EF] Round 16: Acc=36.41%, Loss=1.7076
2026-01-07 00:54:40,374 - [No EF] Round 17: Acc=39.78%, Loss=1.6209
2026-01-07 00:54:52,333 - [No EF] Round 18: Acc=36.77%, Loss=1.7235
2026-01-07 00:55:04,136 - [No EF] Round 19: Acc=40.03%, Loss=1.6081
2026-01-07 00:55:15,923 - [No EF] Round 20: Acc=42.58%, Loss=1.5781
2026-01-07 00:55:27,923 - [No EF] Round 21: Acc=37.29%, Loss=1.7096
2026-01-07 00:55:39,812 - [No EF] Round 22: Acc=43.36%, Loss=1.5419
2026-01-07 00:55:51,719 - [No EF] Round 23: Acc=44.27%, Loss=1.5399
2026-01-07 00:56:03,515 - [No EF] Round 24: Acc=39.98%, Loss=1.5989
2026-01-07 00:56:15,352 - [No EF] Round 25: Acc=43.81%, Loss=1.5327
2026-01-07 00:56:27,338 - [No EF] Round 26: Acc=45.34%, Loss=1.5007
2026-01-07 00:56:39,358 - [No EF] Round 27: Acc=46.63%, Loss=1.4727
2026-01-07 00:56:51,304 - [No EF] Round 28: Acc=41.87%, Loss=1.5843
2026-01-07 00:57:03,101 - [No EF] Round 29: Acc=44.30%, Loss=1.5334
2026-01-07 00:57:14,885 - [No EF] Round 30: Acc=41.65%, Loss=1.6356
2026-01-07 00:57:26,903 - [No EF] Round 31: Acc=39.40%, Loss=1.6521
2026-01-07 00:57:38,688 - [No EF] Round 32: Acc=47.39%, Loss=1.4285
2026-01-07 00:57:50,509 - [No EF] Round 33: Acc=46.63%, Loss=1.4461
2026-01-07 00:58:02,490 - [No EF] Round 34: Acc=39.26%, Loss=1.7311
2026-01-07 00:58:14,393 - [No EF] Round 35: Acc=48.16%, Loss=1.4234
2026-01-07 00:58:26,267 - [No EF] Round 36: Acc=49.92%, Loss=1.3915
2026-01-07 00:58:38,103 - [No EF] Round 37: Acc=48.81%, Loss=1.4139
2026-01-07 00:58:49,926 - [No EF] Round 38: Acc=45.27%, Loss=1.4912
2026-01-07 00:59:01,716 - [No EF] Round 39: Acc=46.72%, Loss=1.4717
2026-01-07 00:59:13,425 - [No EF] Round 40: Acc=48.32%, Loss=1.4207
2026-01-07 00:59:25,365 - [No EF] Round 41: Acc=49.54%, Loss=1.3861
2026-01-07 00:59:37,271 - [No EF] Round 42: Acc=52.27%, Loss=1.3294
2026-01-07 00:59:49,154 - [No EF] Round 43: Acc=49.66%, Loss=1.3725
2026-01-07 01:00:01,080 - [No EF] Round 44: Acc=47.82%, Loss=1.4191
2026-01-07 01:00:12,942 - [No EF] Round 45: Acc=49.61%, Loss=1.4163
2026-01-07 01:00:24,847 - [No EF] Round 46: Acc=45.39%, Loss=1.5086
2026-01-07 01:00:36,733 - [No EF] Round 47: Acc=53.99%, Loss=1.2929
2026-01-07 01:00:48,629 - [No EF] Round 48: Acc=49.29%, Loss=1.4169
2026-01-07 01:01:00,419 - [No EF] Round 49: Acc=52.49%, Loss=1.3094
2026-01-07 01:01:12,216 - [No EF] Round 50: Acc=54.17%, Loss=1.2887
2026-01-07 01:01:24,234 - [No EF] Round 51: Acc=46.43%, Loss=1.5450
2026-01-07 01:01:36,179 - [No EF] Round 52: Acc=49.59%, Loss=1.4219
2026-01-07 01:01:48,060 - [No EF] Round 53: Acc=55.34%, Loss=1.2609
2026-01-07 01:02:00,009 - [No EF] Round 54: Acc=53.92%, Loss=1.2893
2026-01-07 01:02:11,869 - [No EF] Round 55: Acc=47.16%, Loss=1.4275
2026-01-07 01:02:23,882 - [No EF] Round 56: Acc=54.35%, Loss=1.2650
2026-01-07 01:02:35,823 - [No EF] Round 57: Acc=52.58%, Loss=1.3176
2026-01-07 01:02:47,828 - [No EF] Round 58: Acc=50.89%, Loss=1.3898
2026-01-07 01:02:59,568 - [No EF] Round 59: Acc=53.74%, Loss=1.3071
2026-01-07 01:03:11,349 - [No EF] Round 60: Acc=54.59%, Loss=1.2596
2026-01-07 01:03:23,355 - [No EF] Round 61: Acc=52.87%, Loss=1.3034
2026-01-07 01:03:35,158 - [No EF] Round 62: Acc=54.53%, Loss=1.2607
2026-01-07 01:03:46,952 - [No EF] Round 63: Acc=57.43%, Loss=1.1849
2026-01-07 01:03:58,751 - [No EF] Round 64: Acc=55.46%, Loss=1.2491
2026-01-07 01:04:10,566 - [No EF] Round 65: Acc=55.89%, Loss=1.2609
2026-01-07 01:04:22,413 - [No EF] Round 66: Acc=54.02%, Loss=1.2718
2026-01-07 01:04:34,303 - [No EF] Round 67: Acc=56.09%, Loss=1.2240
2026-01-07 01:04:46,143 - [No EF] Round 68: Acc=56.60%, Loss=1.2132
2026-01-07 01:04:57,946 - [No EF] Round 69: Acc=52.25%, Loss=1.3045
2026-01-07 01:05:09,729 - [No EF] Round 70: Acc=57.17%, Loss=1.2036
2026-01-07 01:05:21,543 - [No EF] Round 71: Acc=56.92%, Loss=1.2029
2026-01-07 01:05:33,731 - [No EF] Round 72: Acc=57.76%, Loss=1.1679
2026-01-07 01:05:45,591 - [No EF] Round 73: Acc=51.87%, Loss=1.3276
2026-01-07 01:05:57,520 - [No EF] Round 74: Acc=58.84%, Loss=1.1516
2026-01-07 01:06:09,344 - [No EF] Round 75: Acc=58.56%, Loss=1.1608
2026-01-07 01:06:21,228 - [No EF] Round 76: Acc=58.54%, Loss=1.1567
2026-01-07 01:06:33,105 - [No EF] Round 77: Acc=58.58%, Loss=1.1496
2026-01-07 01:06:44,961 - [No EF] Round 78: Acc=58.61%, Loss=1.1675
2026-01-07 01:06:56,933 - [No EF] Round 79: Acc=56.99%, Loss=1.1915
2026-01-07 01:07:08,851 - [No EF] Round 80: Acc=60.47%, Loss=1.1184
2026-01-07 01:07:20,677 - [No EF] Round 81: Acc=61.09%, Loss=1.0983
2026-01-07 01:07:32,913 - [No EF] Round 82: Acc=59.04%, Loss=1.1416
2026-01-07 01:07:44,800 - [No EF] Round 83: Acc=61.22%, Loss=1.0801
2026-01-07 01:07:56,755 - [No EF] Round 84: Acc=59.91%, Loss=1.1115
2026-01-07 01:08:08,640 - [No EF] Round 85: Acc=58.05%, Loss=1.1882
2026-01-07 01:08:20,517 - [No EF] Round 86: Acc=61.25%, Loss=1.0745
2026-01-07 01:08:32,376 - [No EF] Round 87: Acc=58.43%, Loss=1.1436
2026-01-07 01:08:44,225 - [No EF] Round 88: Acc=60.16%, Loss=1.1127
2026-01-07 01:08:56,052 - [No EF] Round 89: Acc=57.58%, Loss=1.2285
2026-01-07 01:09:07,862 - [No EF] Round 90: Acc=61.04%, Loss=1.0722
2026-01-07 01:09:19,719 - [No EF] Round 91: Acc=58.44%, Loss=1.1661
2026-01-07 01:09:31,897 - [No EF] Round 92: Acc=59.69%, Loss=1.1106
2026-01-07 01:09:43,852 - [No EF] Round 93: Acc=62.20%, Loss=1.0546
2026-01-07 01:09:55,737 - [No EF] Round 94: Acc=62.48%, Loss=1.0498
2026-01-07 01:10:07,709 - [No EF] Round 95: Acc=59.57%, Loss=1.1507
2026-01-07 01:10:19,666 - [No EF] Round 96: Acc=61.20%, Loss=1.0744
2026-01-07 01:10:31,661 - [No EF] Round 97: Acc=61.62%, Loss=1.0829
2026-01-07 01:10:43,617 - [No EF] Round 98: Acc=60.09%, Loss=1.1190
2026-01-07 01:10:55,397 - [No EF] Round 99: Acc=63.04%, Loss=1.0419
2026-01-07 01:11:07,266 - [No EF] Round 100: Acc=60.69%, Loss=1.1097
2026-01-07 01:11:19,213 - [No EF] Round 101: Acc=62.34%, Loss=1.0687
2026-01-07 01:11:31,392 - [No EF] Round 102: Acc=61.96%, Loss=1.0499
2026-01-07 01:11:43,239 - [No EF] Round 103: Acc=64.25%, Loss=1.0221
2026-01-07 01:11:55,127 - [No EF] Round 104: Acc=63.78%, Loss=1.0325
2026-01-07 01:12:07,080 - [No EF] Round 105: Acc=60.38%, Loss=1.1317
2026-01-07 01:12:19,007 - [No EF] Round 106: Acc=60.56%, Loss=1.1075
2026-01-07 01:12:30,867 - [No EF] Round 107: Acc=60.87%, Loss=1.0978
2026-01-07 01:12:42,786 - [No EF] Round 108: Acc=62.15%, Loss=1.0878
2026-01-07 01:12:54,637 - [No EF] Round 109: Acc=55.78%, Loss=1.2500
2026-01-07 01:13:06,567 - [No EF] Round 110: Acc=62.56%, Loss=1.0680
2026-01-07 01:13:18,413 - [No EF] Round 111: Acc=61.94%, Loss=1.0915
2026-01-07 01:13:30,580 - [No EF] Round 112: Acc=62.66%, Loss=1.0674
2026-01-07 01:13:42,567 - [No EF] Round 113: Acc=61.51%, Loss=1.0882
2026-01-07 01:13:54,597 - [No EF] Round 114: Acc=65.80%, Loss=0.9870
2026-01-07 01:14:06,571 - [No EF] Round 115: Acc=64.56%, Loss=1.0066
2026-01-07 01:14:17,354 - [No EF] Round 116: Acc=65.22%, Loss=0.9757
2026-01-07 01:14:29,138 - [No EF] Round 117: Acc=60.05%, Loss=1.1474
2026-01-07 01:14:40,845 - [No EF] Round 118: Acc=63.29%, Loss=1.0333
2026-01-07 01:14:52,722 - [No EF] Round 119: Acc=56.84%, Loss=1.2154
2026-01-07 01:15:04,417 - [No EF] Round 120: Acc=64.21%, Loss=1.0143
2026-01-07 01:15:16,304 - [No EF] Round 121: Acc=64.07%, Loss=1.0195
2026-01-07 01:15:28,302 - [No EF] Round 122: Acc=65.61%, Loss=0.9661
2026-01-07 01:15:40,147 - [No EF] Round 123: Acc=64.93%, Loss=1.0016
2026-01-07 01:15:51,951 - [No EF] Round 124: Acc=64.56%, Loss=1.0065
2026-01-07 01:16:03,799 - [No EF] Round 125: Acc=62.69%, Loss=1.0567
2026-01-07 01:16:15,565 - [No EF] Round 126: Acc=58.90%, Loss=1.1471
2026-01-07 01:16:27,315 - [No EF] Round 127: Acc=67.05%, Loss=0.9514
2026-01-07 01:16:39,358 - [No EF] Round 128: Acc=64.83%, Loss=1.0021
2026-01-07 01:16:51,232 - [No EF] Round 129: Acc=64.79%, Loss=1.0125
2026-01-07 01:17:03,195 - [No EF] Round 130: Acc=63.59%, Loss=1.0372
2026-01-07 01:17:15,083 - [No EF] Round 131: Acc=61.50%, Loss=1.0784
2026-01-07 01:17:27,213 - [No EF] Round 132: Acc=66.42%, Loss=0.9471
2026-01-07 01:17:39,159 - [No EF] Round 133: Acc=64.17%, Loss=1.0256
2026-01-07 01:17:51,072 - [No EF] Round 134: Acc=63.82%, Loss=1.0206
2026-01-07 01:18:02,864 - [No EF] Round 135: Acc=67.73%, Loss=0.9280
2026-01-07 01:18:14,672 - [No EF] Round 136: Acc=66.61%, Loss=0.9632
2026-01-07 01:18:26,505 - [No EF] Round 137: Acc=62.22%, Loss=1.0612
2026-01-07 01:18:38,496 - [No EF] Round 138: Acc=64.72%, Loss=0.9974
2026-01-07 01:18:50,375 - [No EF] Round 139: Acc=65.63%, Loss=0.9763
2026-01-07 01:19:02,322 - [No EF] Round 140: Acc=64.90%, Loss=1.0294
2026-01-07 01:19:14,240 - [No EF] Round 141: Acc=65.62%, Loss=0.9539
2026-01-07 01:19:26,266 - [No EF] Round 142: Acc=67.73%, Loss=0.9178
2026-01-07 01:19:38,239 - [No EF] Round 143: Acc=64.99%, Loss=1.0216
2026-01-07 01:19:50,091 - [No EF] Round 144: Acc=66.51%, Loss=0.9400
2026-01-07 01:20:01,949 - [No EF] Round 145: Acc=56.04%, Loss=1.2377
2026-01-07 01:20:13,882 - [No EF] Round 146: Acc=64.41%, Loss=1.0197
2026-01-07 01:20:25,810 - [No EF] Round 147: Acc=66.64%, Loss=0.9522
2026-01-07 01:20:37,666 - [No EF] Round 148: Acc=62.73%, Loss=1.0752
2026-01-07 01:20:49,514 - [No EF] Round 149: Acc=66.11%, Loss=0.9603
2026-01-07 01:21:01,421 - [No EF] Round 150: Acc=69.00%, Loss=0.8870
2026-01-07 01:21:13,128 - [No EF] Round 151: Acc=66.75%, Loss=0.9609
2026-01-07 01:21:25,313 - [No EF] Round 152: Acc=67.63%, Loss=0.9326
2026-01-07 01:21:37,210 - [No EF] Round 153: Acc=65.56%, Loss=0.9860
2026-01-07 01:21:49,013 - [No EF] Round 154: Acc=68.91%, Loss=0.8812
2026-01-07 01:22:00,810 - [No EF] Round 155: Acc=68.65%, Loss=0.9021
2026-01-07 01:22:12,504 - [No EF] Round 156: Acc=68.61%, Loss=0.9076
2026-01-07 01:22:24,235 - [No EF] Round 157: Acc=63.42%, Loss=1.0587
2026-01-07 01:22:36,230 - [No EF] Round 158: Acc=64.46%, Loss=1.0262
2026-01-07 01:22:48,213 - [No EF] Round 159: Acc=67.12%, Loss=0.9412
2026-01-07 01:23:00,091 - [No EF] Round 160: Acc=67.47%, Loss=0.9348
2026-01-07 01:23:12,055 - [No EF] Round 161: Acc=69.60%, Loss=0.8586
2026-01-07 01:23:24,253 - [No EF] Round 162: Acc=64.68%, Loss=1.0075
2026-01-07 01:23:36,171 - [No EF] Round 163: Acc=63.63%, Loss=1.0305
2026-01-07 01:23:47,993 - [No EF] Round 164: Acc=67.70%, Loss=0.9124
2026-01-07 01:23:59,890 - [No EF] Round 165: Acc=65.72%, Loss=0.9894
2026-01-07 01:24:11,797 - [No EF] Round 166: Acc=63.47%, Loss=1.0397
2026-01-07 01:24:23,686 - [No EF] Round 167: Acc=65.71%, Loss=0.9724
2026-01-07 01:24:35,618 - [No EF] Round 168: Acc=69.51%, Loss=0.8618
2026-01-07 01:24:47,507 - [No EF] Round 169: Acc=68.20%, Loss=0.9032
2026-01-07 01:24:59,358 - [No EF] Round 170: Acc=68.75%, Loss=0.9028
2026-01-07 01:25:11,253 - [No EF] Round 171: Acc=67.25%, Loss=0.9161
2026-01-07 01:25:23,414 - [No EF] Round 172: Acc=68.70%, Loss=0.8996
2026-01-07 01:25:35,349 - [No EF] Round 173: Acc=69.71%, Loss=0.8507
2026-01-07 01:25:47,118 - [No EF] Round 174: Acc=68.18%, Loss=0.9076
2026-01-07 01:25:58,845 - [No EF] Round 175: Acc=65.84%, Loss=0.9700
2026-01-07 01:26:10,689 - [No EF] Round 176: Acc=70.19%, Loss=0.8564
2026-01-07 01:26:22,537 - [No EF] Round 177: Acc=65.90%, Loss=0.9926
2026-01-07 01:26:34,401 - [No EF] Round 178: Acc=69.40%, Loss=0.8709
2026-01-07 01:26:46,349 - [No EF] Round 179: Acc=70.48%, Loss=0.8416
2026-01-07 01:26:58,309 - [No EF] Round 180: Acc=69.52%, Loss=0.8512
2026-01-07 01:27:10,323 - [No EF] Round 181: Acc=69.44%, Loss=0.8749
2026-01-07 01:27:22,444 - [No EF] Round 182: Acc=67.92%, Loss=0.9016
2026-01-07 01:27:34,394 - [No EF] Round 183: Acc=70.43%, Loss=0.8365
2026-01-07 01:27:46,388 - [No EF] Round 184: Acc=68.36%, Loss=0.9149
2026-01-07 01:27:58,322 - [No EF] Round 185: Acc=67.66%, Loss=0.9334
2026-01-07 01:28:10,302 - [No EF] Round 186: Acc=67.84%, Loss=0.9155
2026-01-07 01:28:22,286 - [No EF] Round 187: Acc=67.18%, Loss=0.9306
2026-01-07 01:28:34,155 - [No EF] Round 188: Acc=69.80%, Loss=0.8626
2026-01-07 01:28:46,104 - [No EF] Round 189: Acc=67.37%, Loss=0.9466
2026-01-07 01:28:58,095 - [No EF] Round 190: Acc=69.51%, Loss=0.8833
2026-01-07 01:29:10,078 - [No EF] Round 191: Acc=71.10%, Loss=0.8250
2026-01-07 01:29:22,013 - [No EF] Round 192: Acc=68.66%, Loss=0.9029
2026-01-07 01:29:34,058 - [No EF] Round 193: Acc=70.49%, Loss=0.8316
2026-01-07 01:29:45,919 - [No EF] Round 194: Acc=71.10%, Loss=0.8455
2026-01-07 01:29:57,893 - [No EF] Round 195: Acc=65.91%, Loss=1.0374
2026-01-07 01:30:09,859 - [No EF] Round 196: Acc=71.60%, Loss=0.8105
2026-01-07 01:30:21,696 - [No EF] Round 197: Acc=67.95%, Loss=0.9357
2026-01-07 01:30:33,634 - [No EF] Round 198: Acc=71.30%, Loss=0.8334
2026-01-07 01:30:45,458 - [No EF] Round 199: Acc=68.69%, Loss=0.8804
2026-01-07 01:30:57,316 - [No EF] Round 200: Acc=68.84%, Loss=0.9172
2026-01-07 01:30:58,112 - Comparison plots saved to ./logs\comparison_cifar10_q2.png
