--- Federated Learning Experiment (DBS) ---
Log File Saved to: ./logs/fl_experiment_20251209_0053.log
Loading CIFAR-10... (Alpha=0.5)
Partitioning data (iid)...

[Data Distribution]
Client 0: [516 477 500 495 473 470 493 494 548 534]
Client 1: [486 504 487 494 494 529 498 488 500 520]
Client 2: [516 490 490 471 528 527 503 478 498 499]
Client 3: [506 500 479 518 505 512 491 502 473 514]
Client 4: [488 507 518 521 490 485 482 508 525 476]
Loading CIFAR-10 Test Set...

Full Model Size (FP32): 1233.29 KB

=== Round 1/50 ===
  [C09] Acc: 63.3% | BW:0.10 | c1:2, c2:2, fc1:2
  [C08] Acc: 62.7% | BW:0.05 | c1:4, c2:2, fc1:2
  [C04] Acc: 62.1% | BW:0.12 | c1:4, c2:2, fc1:2
  [C01] Acc: 60.8% | BW:0.09 | c1:4, c2:2, fc1:2
  >> Global Result: Loss=1.5429, Acc=50.88%

=== Round 2/50 ===
  [C00] Acc: 79.9% | BW:0.07 | c1:4, c2:2, fc1:2
  [C07] Acc: 78.1% | BW:0.23 | c1:4, c2:8, fc1:8
  [C02] Acc: 78.3% | BW:0.11 | c1:4, c2:2, fc1:2
  [C05] Acc: 78.8% | BW:0.14 | c1:8, c2:4, fc1:4
  >> Global Result: Loss=1.1353, Acc=61.21%

=== Round 3/50 ===
  [C01] Acc: 88.2% | BW:0.24 | c1:4, c2:8, fc1:8
  [C02] Acc: 89.6% | BW:0.21 | c1:4, c2:8, fc1:8
  [C09] Acc: 90.0% | BW:0.20 | c1:8, c2:8, fc1:8
  [C00] Acc: 89.9% | BW:0.16 | c1:4, c2:2, fc1:4
  >> Global Result: Loss=1.1804, Acc=64.73%

=== Round 4/50 ===
  [C03] Acc: 94.9% | BW:0.18 | c1:4, c2:8, fc1:4
  [C04] Acc: 94.5% | BW:0.12 | c1:4, c2:4, fc1:2
  [C08] Acc: 94.9% | BW:0.14 | c1:8, c2:4, fc1:4
  [C07] Acc: 96.5% | BW:0.17 | c1:8, c2:8, fc1:8
  >> Global Result: Loss=1.1496, Acc=66.74%

=== Round 5/50 ===
  [C09] Acc: 98.2% | BW:0.15 | c1:2, c2:4, fc1:4
  [C07] Acc: 99.3% | BW:0.20 | c1:4, c2:8, fc1:8
  [C08] Acc: 98.7% | BW:0.19 | c1:8, c2:8, fc1:4
  [C02] Acc: 95.4% | BW:0.14 | c1:4, c2:4, fc1:4
  >> Global Result: Loss=1.3519, Acc=67.00%

=== Round 6/50 ===
  [C09] Acc: 99.8% | BW:0.21 | c1:8, c2:4, fc1:8
  [C01] Acc: 98.2% | BW:0.18 | c1:8, c2:4, fc1:8
  [C07] Acc: 98.6% | BW:0.13 | c1:2, c2:4, fc1:2
  [C05] Acc: 98.8% | BW:0.20 | c1:2, c2:8, fc1:8
  >> Global Result: Loss=1.2218, Acc=68.16%

=== Round 7/50 ===
  [C07] Acc: 99.8% | BW:0.14 | c1:4, c2:4, fc1:4
  [C08] Acc: 99.1% | BW:0.23 | c1:8, c2:8, fc1:8
  [C02] Acc: 98.0% | BW:0.22 | c1:8, c2:8, fc1:8
  [C03] Acc: 99.4% | BW:0.05 | c1:4, c2:2, fc1:2
  >> Global Result: Loss=1.2926, Acc=68.59%

=== Round 8/50 ===
  [C09] Acc: 99.4% | BW:0.20 | c1:8, c2:8, fc1:4
  [C04] Acc: 98.5% | BW:0.08 | c1:4, c2:4, fc1:2
  [C00] Acc: 99.2% | BW:0.10 | c1:2, c2:2, fc1:2
  [C08] Acc: 99.5% | BW:0.15 | c1:4, c2:4, fc1:4
  >> Global Result: Loss=1.3909, Acc=66.06%

=== Round 9/50 ===
  [C06] Acc: 98.3% | BW:0.20 | c1:8, c2:4, fc1:8
  [C04] Acc: 98.7% | BW:0.15 | c1:4, c2:4, fc1:4
  [C05] Acc: 99.4% | BW:0.17 | c1:4, c2:8, fc1:8
  [C08] Acc: 99.7% | BW:0.15 | c1:4, c2:4, fc1:4
  >> Global Result: Loss=1.2480, Acc=68.99%

=== Round 10/50 ===
  [C01] Acc: 99.7% | BW:0.07 | c1:4, c2:2, fc1:2
  [C08] Acc: 99.2% | BW:0.25 | c1:8, c2:8, fc1:4
  [C02] Acc: 99.4% | BW:0.06 | c1:4, c2:2, fc1:2
  [C04] Acc: 99.7% | BW:0.15 | c1:4, c2:2, fc1:4
  >> Global Result: Loss=1.8093, Acc=62.90%

=== Round 11/50 ===
  [C03] Acc: 97.4% | BW:0.21 | c1:8, c2:8, fc1:8
  [C09] Acc: 97.2% | BW:0.18 | c1:8, c2:4, fc1:8
  [C02] Acc: 98.0% | BW:0.13 | c1:8, c2:4, fc1:4
  [C07] Acc: 98.5% | BW:0.21 | c1:8, c2:8, fc1:8
  >> Global Result: Loss=1.2165, Acc=67.15%

=== Round 12/50 ===
  [C00] Acc: 98.9% | BW:0.19 | c1:4, c2:8, fc1:8
  [C06] Acc: 98.7% | BW:0.18 | c1:8, c2:8, fc1:4
  [C04] Acc: 99.7% | BW:0.15 | c1:8, c2:4, fc1:4
  [C05] Acc: 98.9% | BW:0.19 | c1:8, c2:8, fc1:8
  >> Global Result: Loss=1.2064, Acc=70.01%

=== Round 13/50 ===
  [C00] Acc: 99.9% | BW:0.22 | c1:8, c2:4, fc1:8
  [C05] Acc: 99.4% | BW:0.15 | c1:4, c2:2, fc1:4
  [C08] Acc: 99.9% | BW:0.13 | c1:2, c2:4, fc1:2
  [C09] Acc: 99.8% | BW:0.06 | c1:2, c2:2, fc1:2
  >> Global Result: Loss=1.5431, Acc=65.56%

=== Round 14/50 ===
  [C09] Acc: 99.4% | BW:0.24 | c1:4, c2:8, fc1:8
  [C08] Acc: 99.4% | BW:0.23 | c1:8, c2:8, fc1:8
  [C00] Acc: 99.7% | BW:0.21 | c1:8, c2:8, fc1:8
  [C06] Acc: 99.3% | BW:0.07 | c1:4, c2:4, fc1:2
  >> Global Result: Loss=1.2758, Acc=68.21%

=== Round 15/50 ===
  [C02] Acc: 98.6% | BW:0.21 | c1:4, c2:8, fc1:8
  [C03] Acc: 99.5% | BW:0.12 | c1:8, c2:4, fc1:2
  [C05] Acc: 99.2% | BW:0.20 | c1:4, c2:8, fc1:4
  [C09] Acc:100.0% | BW:0.11 | c1:4, c2:2, fc1:2
  >> Global Result: Loss=1.4650, Acc=66.72%

=== Round 16/50 ===
  [C02] Acc: 99.8% | BW:0.18 | c1:8, c2:4, fc1:8
  [C05] Acc: 99.8% | BW:0.09 | c1:4, c2:4, fc1:2
  [C07] Acc: 99.5% | BW:0.07 | c1:2, c2:4, fc1:2
  [C03] Acc: 99.7% | BW:0.21 | c1:8, c2:8, fc1:8
  >> Global Result: Loss=1.4220, Acc=66.09%

=== Round 17/50 ===
  [C00] Acc: 99.7% | BW:0.25 | c1:8, c2:4, fc1:8
  [C08] Acc: 99.9% | BW:0.15 | c1:4, c2:4, fc1:4
  [C09] Acc: 99.8% | BW:0.20 | c1:8, c2:4, fc1:4
  [C02] Acc: 99.7% | BW:0.20 | c1:2, c2:8, fc1:8
  >> Global Result: Loss=1.2841, Acc=69.18%

=== Round 18/50 ===
  [C05] Acc: 99.9% | BW:0.20 | c1:4, c2:4, fc1:4
  [C00] Acc: 99.6% | BW:0.24 | c1:8, c2:4, fc1:8
  [C07] Acc: 99.6% | BW:0.24 | c1:8, c2:4, fc1:4
  [C09] Acc: 99.9% | BW:0.22 | c1:8, c2:8, fc1:8
  >> Global Result: Loss=1.3253, Acc=69.82%

=== Round 19/50 ===
  [C00] Acc: 99.9% | BW:0.17 | c1:4, c2:8, fc1:4
  [C03] Acc: 99.7% | BW:0.15 | c1:4, c2:4, fc1:4
  [C09] Acc:100.0% | BW:0.21 | c1:8, c2:8, fc1:8
  [C05] Acc: 99.8% | BW:0.07 | c1:2, c2:2, fc1:2
  >> Global Result: Loss=1.4539, Acc=69.46%

=== Round 20/50 ===
  [C09] Acc: 99.9% | BW:0.11 | c1:4, c2:2, fc1:2
  [C07] Acc: 99.9% | BW:0.14 | c1:2, c2:4, fc1:4
  [C03] Acc: 99.9% | BW:0.21 | c1:8, c2:8, fc1:8
  [C08] Acc: 99.9% | BW:0.09 | c1:4, c2:2, fc1:2
  >> Global Result: Loss=1.6118, Acc=66.93%

=== Round 21/50 ===
  [C00] Acc: 99.7% | BW:0.06 | c1:2, c2:2, fc1:2
  [C06] Acc: 99.1% | BW:0.12 | c1:8, c2:4, fc1:2
  [C05] Acc: 99.8% | BW:0.07 | c1:4, c2:2, fc1:2
  [C01] Acc: 98.5% | BW:0.14 | c1:8, c2:4, fc1:4
  >> Global Result: Loss=1.9087, Acc=61.81%

=== Round 22/50 ===
  [C02] Acc: 98.9% | BW:0.07 | c1:4, c2:4, fc1:2
  [C01] Acc: 99.6% | BW:0.11 | c1:2, c2:4, fc1:2
  [C00] Acc: 98.5% | BW:0.22 | c1:4, c2:8, fc1:8
  [C07] Acc: 99.1% | BW:0.14 | c1:2, c2:4, fc1:4
  >> Global Result: Loss=1.4601, Acc=64.23%

=== Round 23/50 ===
  [C08] Acc: 99.7% | BW:0.23 | c1:8, c2:8, fc1:4
  [C09] Acc: 99.8% | BW:0.11 | c1:2, c2:2, fc1:2
  [C06] Acc: 99.6% | BW:0.11 | c1:2, c2:4, fc1:2
  [C02] Acc: 99.6% | BW:0.06 | c1:2, c2:2, fc1:2
  >> Global Result: Loss=2.0892, Acc=59.21%

=== Round 24/50 ===
  [C08] Acc: 98.9% | BW:0.25 | c1:2, c2:4, fc1:8
  [C07] Acc: 98.9% | BW:0.23 | c1:8, c2:8, fc1:8
  [C06] Acc: 98.4% | BW:0.11 | c1:4, c2:4, fc1:2
  [C01] Acc: 97.8% | BW:0.11 | c1:4, c2:4, fc1:2
  >> Global Result: Loss=1.5491, Acc=63.95%

=== Round 25/50 ===
  [C01] Acc: 99.1% | BW:0.20 | c1:8, c2:4, fc1:8
  [C08] Acc: 99.8% | BW:0.07 | c1:4, c2:4, fc1:2
  [C06] Acc: 98.8% | BW:0.10 | c1:2, c2:4, fc1:2
  [C03] Acc: 99.1% | BW:0.11 | c1:4, c2:4, fc1:2
  >> Global Result: Loss=1.6843, Acc=61.90%

=== Round 26/50 ===
  [C03] Acc: 97.9% | BW:0.09 | c1:4, c2:2, fc1:2
  [C05] Acc: 98.9% | BW:0.07 | c1:8, c2:4, fc1:2
  [C08] Acc: 99.7% | BW:0.24 | c1:8, c2:8, fc1:8
  [C04] Acc: 99.0% | BW:0.15 | c1:2, c2:4, fc1:4
  >> Global Result: Loss=1.5448, Acc=64.64%

=== Round 27/50 ===
  [C06] Acc: 98.9% | BW:0.20 | c1:4, c2:8, fc1:8
  [C01] Acc: 99.2% | BW:0.16 | c1:2, c2:4, fc1:4
  [C03] Acc: 99.2% | BW:0.08 | c1:2, c2:2, fc1:2
  [C02] Acc: 98.7% | BW:0.17 | c1:8, c2:8, fc1:4
  >> Global Result: Loss=1.3840, Acc=66.01%

=== Round 28/50 ===
  [C04] Acc: 99.7% | BW:0.20 | c1:8, c2:8, fc1:8
  [C05] Acc: 99.7% | BW:0.11 | c1:4, c2:2, fc1:2
  [C06] Acc: 99.9% | BW:0.14 | c1:8, c2:4, fc1:4
  [C08] Acc: 99.7% | BW:0.15 | c1:4, c2:2, fc1:4
  >> Global Result: Loss=1.6545, Acc=66.10%

=== Round 29/50 ===
  [C04] Acc: 99.9% | BW:0.12 | c1:8, c2:4, fc1:2
  [C06] Acc: 99.6% | BW:0.18 | c1:4, c2:8, fc1:8
  [C01] Acc: 99.8% | BW:0.14 | c1:8, c2:4, fc1:4
  [C02] Acc: 99.3% | BW:0.09 | c1:2, c2:2, fc1:2
  >> Global Result: Loss=1.6306, Acc=65.59%

=== Round 30/50 ===
  [C03] Acc: 99.3% | BW:0.07 | c1:4, c2:2, fc1:2
  [C05] Acc: 99.4% | BW:0.19 | c1:8, c2:8, fc1:4
  [C09] Acc: 99.2% | BW:0.15 | c1:4, c2:4, fc1:4
  [C06] Acc: 99.8% | BW:0.15 | c1:4, c2:4, fc1:4
  >> Global Result: Loss=1.4247, Acc=67.39%

=== Round 31/50 ===
  [C09] Acc: 99.8% | BW:0.15 | c1:8, c2:4, fc1:4
  [C00] Acc: 98.7% | BW:0.15 | c1:8, c2:4, fc1:4
  [C02] Acc: 99.6% | BW:0.24 | c1:2, c2:8, fc1:8
  [C05] Acc: 99.2% | BW:0.16 | c1:8, c2:4, fc1:4
  >> Global Result: Loss=1.3576, Acc=68.80%

=== Round 32/50 ===
  [C00] Acc: 99.6% | BW:0.25 | c1:8, c2:8, fc1:8
  [C04] Acc: 99.6% | BW:0.17 | c1:8, c2:8, fc1:8
  [C06] Acc: 99.7% | BW:0.15 | c1:4, c2:4, fc1:4
  [C09] Acc: 99.0% | BW:0.06 | c1:4, c2:2, fc1:2
  >> Global Result: Loss=1.4294, Acc=69.02%

=== Round 33/50 ===
  [C00] Acc:100.0% | BW:0.06 | c1:4, c2:2, fc1:2
  [C02] Acc: 99.9% | BW:0.18 | c1:8, c2:8, fc1:8
  [C08] Acc: 99.4% | BW:0.09 | c1:4, c2:2, fc1:2
  [C09] Acc: 99.9% | BW:0.05 | c1:2, c2:2, fc1:2
  >> Global Result: Loss=2.5808, Acc=59.99%

=== Round 34/50 ===
  [C02] Acc: 99.5% | BW:0.06 | c1:4, c2:4, fc1:2
  [C01] Acc: 97.2% | BW:0.09 | c1:8, c2:4, fc1:2
  [C03] Acc: 97.6% | BW:0.22 | c1:4, c2:8, fc1:8
  [C05] Acc: 98.3% | BW:0.11 | c1:4, c2:2, fc1:2
  >> Global Result: Loss=1.8130, Acc=62.01%

=== Round 35/50 ===
  [C08] Acc: 99.0% | BW:0.16 | c1:8, c2:4, fc1:4
  [C01] Acc: 98.5% | BW:0.21 | c1:4, c2:8, fc1:8
  [C09] Acc: 99.3% | BW:0.12 | c1:2, c2:4, fc1:2
  [C07] Acc: 98.9% | BW:0.22 | c1:8, c2:4, fc1:8
  >> Global Result: Loss=1.3389, Acc=66.84%

=== Round 36/50 ===
  [C02] Acc: 99.8% | BW:0.17 | c1:4, c2:8, fc1:8
  [C01] Acc: 99.7% | BW:0.19 | c1:8, c2:8, fc1:8
  [C09] Acc: 99.6% | BW:0.05 | c1:4, c2:4, fc1:2
  [C06] Acc: 99.0% | BW:0.08 | c1:4, c2:4, fc1:2
  >> Global Result: Loss=1.5634, Acc=66.67%

=== Round 37/50 ===
  [C02] Acc: 99.8% | BW:0.15 | c1:2, c2:4, fc1:4
  [C01] Acc: 99.9% | BW:0.22 | c1:2, c2:8, fc1:8
  [C09] Acc: 99.2% | BW:0.21 | c1:8, c2:8, fc1:8
  [C07] Acc: 99.8% | BW:0.12 | c1:4, c2:2, fc1:2
  >> Global Result: Loss=1.5846, Acc=66.30%

=== Round 38/50 ===
  [C03] Acc: 99.1% | BW:0.20 | c1:8, c2:4, fc1:4
  [C07] Acc: 99.6% | BW:0.17 | c1:8, c2:8, fc1:8
  [C09] Acc: 99.9% | BW:0.05 | c1:4, c2:2, fc1:2
  [C00] Acc: 99.0% | BW:0.20 | c1:4, c2:4, fc1:8
  >> Global Result: Loss=1.4121, Acc=68.15%

=== Round 39/50 ===
  [C09] Acc:100.0% | BW:0.09 | c1:4, c2:4, fc1:2
  [C07] Acc: 99.9% | BW:0.10 | c1:2, c2:4, fc1:2
  [C00] Acc: 99.9% | BW:0.19 | c1:2, c2:8, fc1:8
  [C05] Acc: 99.2% | BW:0.19 | c1:8, c2:4, fc1:8
  >> Global Result: Loss=1.4813, Acc=65.77%

=== Round 40/50 ===
  [C02] Acc: 99.6% | BW:0.25 | c1:4, c2:8, fc1:4
  [C09] Acc: 99.8% | BW:0.07 | c1:2, c2:4, fc1:2
  [C05] Acc: 99.8% | BW:0.17 | c1:8, c2:8, fc1:8
  [C08] Acc: 99.7% | BW:0.21 | c1:2, c2:8, fc1:8
  >> Global Result: Loss=1.3749, Acc=67.00%

=== Round 41/50 ===
  [C08] Acc: 99.8% | BW:0.21 | c1:8, c2:8, fc1:8
  [C03] Acc: 99.3% | BW:0.22 | c1:8, c2:8, fc1:8
  [C07] Acc: 99.7% | BW:0.22 | c1:8, c2:8, fc1:8
  [C04] Acc: 99.4% | BW:0.16 | c1:4, c2:4, fc1:4
  >> Global Result: Loss=1.2424, Acc=70.01%

=== Round 42/50 ===
  [C02] Acc:100.0% | BW:0.18 | c1:8, c2:8, fc1:4
  [C03] Acc: 99.2% | BW:0.11 | c1:2, c2:4, fc1:2
  [C08] Acc: 99.9% | BW:0.16 | c1:4, c2:4, fc1:4
  [C06] Acc: 99.5% | BW:0.15 | c1:2, c2:4, fc1:4
  >> Global Result: Loss=1.3850, Acc=68.51%

=== Round 43/50 ===
  [C03] Acc: 99.9% | BW:0.07 | c1:4, c2:4, fc1:2
  [C01] Acc: 98.8% | BW:0.05 | c1:2, c2:4, fc1:2
  [C02] Acc:100.0% | BW:0.20 | c1:8, c2:8, fc1:8
  [C08] Acc: 99.8% | BW:0.15 | c1:4, c2:4, fc1:4
  >> Global Result: Loss=1.5395, Acc=66.65%

=== Round 44/50 ===
  [C05] Acc: 99.6% | BW:0.08 | c1:4, c2:2, fc1:2
  [C07] Acc: 99.8% | BW:0.21 | c1:2, c2:8, fc1:8
  [C02] Acc: 99.2% | BW:0.15 | c1:2, c2:4, fc1:4
  [C09] Acc: 99.7% | BW:0.15 | c1:4, c2:4, fc1:4
  >> Global Result: Loss=1.4514, Acc=68.22%

=== Round 45/50 ===
  [C00] Acc: 99.2% | BW:0.14 | c1:4, c2:4, fc1:4
  [C05] Acc: 99.9% | BW:0.09 | c1:4, c2:4, fc1:2
  [C09] Acc:100.0% | BW:0.13 | c1:4, c2:2, fc1:2
  [C07] Acc:100.0% | BW:0.11 | c1:4, c2:2, fc1:2
  >> Global Result: Loss=2.1198, Acc=62.75%

=== Round 46/50 ===
  [C00] Acc: 99.7% | BW:0.10 | c1:8, c2:4, fc1:2
  [C04] Acc: 96.4% | BW:0.06 | c1:8, c2:2, fc1:2
  [C07] Acc: 99.3% | BW:0.18 | c1:8, c2:8, fc1:8
  [C05] Acc: 99.0% | BW:0.13 | c1:8, c2:4, fc1:4
  >> Global Result: Loss=1.5696, Acc=65.70%

=== Round 47/50 ===
  [C06] Acc: 98.8% | BW:0.09 | c1:4, c2:4, fc1:2
  [C08] Acc: 99.6% | BW:0.09 | c1:4, c2:2, fc1:2
  [C04] Acc: 98.9% | BW:0.10 | c1:4, c2:4, fc1:2
  [C07] Acc: 99.8% | BW:0.18 | c1:4, c2:8, fc1:8
  >> Global Result: Loss=1.8166, Acc=63.64%

=== Round 48/50 ===
  [C01] Acc: 99.2% | BW:0.16 | c1:8, c2:4, fc1:4
  [C08] Acc: 98.5% | BW:0.07 | c1:4, c2:2, fc1:2
  [C05] Acc: 99.2% | BW:0.09 | c1:4, c2:2, fc1:2
  [C03] Acc: 99.2% | BW:0.08 | c1:2, c2:2, fc1:2
  >> Global Result: Loss=2.4961, Acc=59.34%

=== Round 49/50 ===
  [C01] Acc: 98.0% | BW:0.21 | c1:8, c2:8, fc1:8
  [C02] Acc: 97.2% | BW:0.12 | c1:4, c2:2, fc1:2
  [C06] Acc: 95.9% | BW:0.17 | c1:4, c2:8, fc1:4
  [C07] Acc: 98.2% | BW:0.18 | c1:4, c2:8, fc1:8
  >> Global Result: Loss=1.4465, Acc=65.32%

=== Round 50/50 ===
  [C04] Acc: 98.5% | BW:0.12 | c1:4, c2:4, fc1:2
  [C00] Acc: 99.0% | BW:0.17 | c1:4, c2:4, fc1:8
  [C02] Acc: 99.2% | BW:0.10 | c1:4, c2:4, fc1:2
  [C03] Acc: 98.2% | BW:0.22 | c1:8, c2:8, fc1:8
  >> Global Result: Loss=1.4934, Acc=66.58%

